# Computation time: 148.469 ms
# Number of threads: 12
42 40
738 765 839 782 764 804 828 697 893 738 765 839 782 764 804 828 697 893 738 765 839 782 764 804 828 697 893 738 765 839 782 764 804 828 697 893 738 765 839 782
812 779 775 748 832 723 777 790 739 812 779 775 748 832 723 777 790 739 812 779 775 748 832 723 777 790 739 812 779 775 748 832 723 777 790 739 812 779 775 748
830 739 883 853 782 767 904 750 827 830 739 883 853 782 767 904 750 827 830 739 883 853 782 767 904 750 827 830 739 883 853 782 767 904 750 827 830 739 883 853
751 797 791 833 736 886 692 783 841 751 797 791 833 736 886 692 783 841 751 797 791 833 736 886 692 783 841 751 797 791 833 736 886 692 783 841 751 797 791 833
788 782 786 827 765 807 777 855 723 788 782 786 827 765 807 777 855 723 788 782 786 827 765 807 777 855 723 788 782 786 827 765 807 777 855 723 788 782 786 827
838 809 768 943 728 831 842 774 892 838 809 768 943 728 831 842 774 892 838 809 768 943 728 831 842 774 892 838 809 768 943 728 831 842 774 892 838 809 768 943
796 766 917 717 841 855 665 949 784 796 766 917 717 841 855 665 949 784 796 766 917 717 841 855 665 949 784 796 766 917 717 841 855 665 949 784 796 766 917 717
841 838 635 964 720 749 874 785 749 841 838 635 964 720 749 874 785 749 841 838 635 964 720 749 874 785 749 841 838 635 964 720 749 874 785 749 841 838 635 964
789 753 859 705 780 788 752 809 785 789 753 859 705 780 788 752 809 785 789 753 859 705 780 788 752 809 785 789 753 859 705 780 788 752 809 785 789 753 859 705
779 740 808 781 781 750 855 688 793 779 740 808 781 781 750 855 688 793 779 740 808 781 781 750 855 688 793 779 740 808 781 781 750 855 688 793 779 740 808 781
824 806 714 899 705 819 789 867 687 824 806 714 899 705 819 789 867 687 824 806 714 899 705 819 789 867 687 824 806 714 899 705 819 789 867 687 824 806 714 899
751 797 791 833 736 886 692 783 841 751 797 791 833 736 886 692 783 841 751 797 791 833 736 886 692 783 841 751 797 791 833 736 886 692 783 841 751 797 791 833
830 739 883 853 782 767 904 750 827 830 739 883 853 782 767 904 750 827 830 739 883 853 782 767 904 750 827 830 739 883 853 782 767 904 750 827 830 739 883 853
838 809 768 943 728 831 842 774 892 838 809 768 943 728 831 842 774 892 838 809 768 943 728 831 842 774 892 838 809 768 943 728 831 842 774 892 838 809 768 943
796 766 917 717 841 855 665 949 784 796 766 917 717 841 855 665 949 784 796 766 917 717 841 855 665 949 784 796 766 917 717 841 855 665 949 784 796 766 917 717
841 838 635 964 720 749 874 785 749 841 838 635 964 720 749 874 785 749 841 838 635 964 720 749 874 785 749 841 838 635 964 720 749 874 785 749 841 838 635 964
789 753 859 705 780 788 752 809 785 789 753 859 705 780 788 752 809 785 789 753 859 705 780 788 752 809 785 789 753 859 705 780 788 752 809 785 789 753 859 705
788 782 786 827 765 807 777 855 723 788 782 786 827 765 807 777 855 723 788 782 786 827 765 807 777 855 723 788 782 786 827 765 807 777 855 723 788 782 786 827
741 879 741 756 849 715 801 844 784 741 879 741 756 849 715 801 844 784 741 879 741 756 849 715 801 844 784 741 879 741 756 849 715 801 844 784 741 879 741 756
779 740 808 781 781 750 855 688 793 779 740 808 781 781 750 855 688 793 779 740 808 781 781 750 855 688 793 779 740 808 781 781 750 855 688 793 779 740 808 781
830 739 883 853 782 767 904 750 827 830 739 883 853 782 767 904 750 827 830 739 883 853 782 767 904 750 827 830 739 883 853 782 767 904 750 827 830 739 883 853
751 797 791 833 736 886 692 783 841 751 797 791 833 736 886 692 783 841 751 797 791 833 736 886 692 783 841 751 797 791 833 736 886 692 783 841 751 797 791 833
838 809 768 943 728 831 842 774 892 838 809 768 943 728 831 842 774 892 838 809 768 943 728 831 842 774 892 838 809 768 943 728 831 842 774 892 838 809 768 943
796 766 917 717 841 855 665 949 784 796 766 917 717 841 855 665 949 784 796 766 917 717 841 855 665 949 784 796 766 917 717 841 855 665 949 784 796 766 917 717
841 838 635 964 720 749 874 785 749 841 838 635 964 720 749 874 785 749 841 838 635 964 720 749 874 785 749 841 838 635 964 720 749 874 785 749 841 838 635 964
789 753 859 705 780 788 752 809 785 789 753 859 705 780 788 752 809 785 789 753 859 705 780 788 752 809 785 789 753 859 705 780 788 752 809 785 789 753 859 705
788 782 786 827 765 807 777 855 723 788 782 786 827 765 807 777 855 723 788 782 786 827 765 807 777 855 723 788 782 786 827 765 807 777 855 723 788 782 786 827
824 806 714 899 705 819 789 867 687 824 806 714 899 705 819 789 867 687 824 806 714 899 705 819 789 867 687 824 806 714 899 705 819 789 867 687 824 806 714 899
779 740 808 781 781 750 855 688 793 779 740 808 781 781 750 855 688 793 779 740 808 781 781 750 855 688 793 779 740 808 781 781 750 855 688 793 779 740 808 781
830 739 883 853 782 767 904 750 827 830 739 883 853 782 767 904 750 827 830 739 883 853 782 767 904 750 827 830 739 883 853 782 767 904 750 827 830 739 883 853
751 797 791 833 736 886 692 783 841 751 797 791 833 736 886 692 783 841 751 797 791 833 736 886 692 783 841 751 797 791 833 736 886 692 783 841 751 797 791 833
838 809 768 943 728 831 842 774 892 838 809 768 943 728 831 842 774 892 838 809 768 943 728 831 842 774 892 838 809 768 943 728 831 842 774 892 838 809 768 943
796 766 917 717 841 855 665 949 784 796 766 917 717 841 855 665 949 784 796 766 917 717 841 855 665 949 784 796 766 917 717 841 855 665 949 784 796 766 917 717
841 838 635 964 720 749 874 785 749 841 838 635 964 720 749 874 785 749 841 838 635 964 720 749 874 785 749 841 838 635 964 720 749 874 785 749 841 838 635 964
789 753 859 705 780 788 752 809 785 789 753 859 705 780 788 752 809 785 789 753 859 705 780 788 752 809 785 789 753 859 705 780 788 752 809 785 789 753 859 705
788 782 786 827 765 807 777 855 723 788 782 786 827 765 807 777 855 723 788 782 786 827 765 807 777 855 723 788 782 786 827 765 807 777 855 723 788 782 786 827
741 879 741 756 849 715 801 844 784 741 879 741 756 849 715 801 844 784 741 879 741 756 849 715 801 844 784 741 879 741 756 849 715 801 844 784 741 879 741 756
779 740 808 781 781 750 855 688 793 779 740 808 781 781 750 855 688 793 779 740 808 781 781 750 855 688 793 779 740 808 781 781 750 855 688 793 779 740 808 781
830 739 883 853 782 767 904 750 827 830 739 883 853 782 767 904 750 827 830 739 883 853 782 767 904 750 827 830 739 883 853 782 767 904 750 827 830 739 883 853
751 797 791 833 736 886 692 783 841 751 797 791 833 736 886 692 783 841 751 797 791 833 736 886 692 783 841 751 797 791 833 736 886 692 783 841 751 797 791 833
838 809 768 943 728 831 842 774 892 838 809 768 943 728 831 842 774 892 838 809 768 943 728 831 842 774 892 838 809 768 943 728 831 842 774 892 838 809 768 943
796 766 917 717 841 855 665 949 784 796 766 917 717 841 855 665 949 784 796 766 917 717 841 855 665 949 784 796 766 917 717 841 855 665 949 784 796 766 917 717

# Computation time: 148.515 ms
# Number of threads: 12
42 40
738 765 839 782 764 804 828 697 893 738 765 839 782 764 804 828 697 893 738 765 839 782 764 804 828 697 893 738 765 839 782 764 804 828 697 893 738 765 839 782
812 779 775 748 832 723 777 790 739 812 779 775 748 832 723 777 790 739 812 779 775 748 832 723 777 790 739 812 779 775 748 832 723 777 790 739 812 779 775 748
830 739 883 853 782 767 904 750 827 830 739 883 853 782 767 904 750 827 830 739 883 853 782 767 904 750 827 830 739 883 853 782 767 904 750 827 830 739 883 853
751 797 791 833 736 886 692 783 841 751 797 791 833 736 886 692 783 841 751 797 791 833 736 886 692 783 841 751 797 791 833 736 886 692 783 841 751 797 791 833
788 782 786 827 765 807 777 855 723 788 782 786 827 765 807 777 855 723 788 782 786 827 765 807 777 855 723 788 782 786 827 765 807 777 855 723 788 782 786 827
838 809 768 943 728 831 842 774 892 838 809 768 943 728 831 842 774 892 838 809 768 943 728 831 842 774 892 838 809 768 943 728 831 842 774 892 838 809 768 943
796 766 917 717 841 855 665 949 784 796 766 917 717 841 855 665 949 784 796 766 917 717 841 855 665 949 784 796 766 917 717 841 855 665 949 784 796 766 917 717
841 838 635 964 720 749 874 785 749 841 838 635 964 720 749 874 785 749 841 838 635 964 720 749 874 785 749 841 838 635 964 720 749 874 785 749 841 838 635 964
789 753 859 705 780 788 752 809 785 789 753 859 705 780 788 752 809 785 789 753 859 705 780 788 752 809 785 789 753 859 705 780 788 752 809 785 789 753 859 705
779 740 808 781 781 750 855 688 793 779 740 808 781 781 750 855 688 793 779 740 808 781 781 750 855 688 793 779 740 808 781 781 750 855 688 793 779 740 808 781
824 806 714 899 705 819 789 867 687 824 806 714 899 705 819 789 867 687 824 806 714 899 705 819 789 867 687 824 806 714 899 705 819 789 867 687 824 806 714 899
751 797 791 833 736 886 692 783 841 751 797 791 833 736 886 692 783 841 751 797 791 833 736 886 692 783 841 751 797 791 833 736 886 692 783 841 751 797 791 833
830 739 883 853 782 767 904 750 827 830 739 883 853 782 767 904 750 827 830 739 883 853 782 767 904 750 827 830 739 883 853 782 767 904 750 827 830 739 883 853
838 809 768 943 728 831 842 774 892 838 809 768 943 728 831 842 774 892 838 809 768 943 728 831 842 774 892 838 809 768 943 728 831 842 774 892 838 809 768 943
796 766 917 717 841 855 665 949 784 796 766 917 717 841 855 665 949 784 796 766 917 717 841 855 665 949 784 796 766 917 717 841 855 665 949 784 796 766 917 717
841 838 635 964 720 749 874 785 749 841 838 635 964 720 749 874 785 749 841 838 635 964 720 749 874 785 749 841 838 635 964 720 749 874 785 749 841 838 635 964
789 753 859 705 780 788 752 809 785 789 753 859 705 780 788 752 809 785 789 753 859 705 780 788 752 809 785 789 753 859 705 780 788 752 809 785 789 753 859 705
788 782 786 827 765 807 777 855 723 788 782 786 827 765 807 777 855 723 788 782 786 827 765 807 777 855 723 788 782 786 827 765 807 777 855 723 788 782 786 827
741 879 741 756 849 715 801 844 784 741 879 741 756 849 715 801 844 784 741 879 741 756 849 715 801 844 784 741 879 741 756 849 715 801 844 784 741 879 741 756
779 740 808 781 781 750 855 688 793 779 740 808 781 781 750 855 688 793 779 740 808 781 781 750 855 688 793 779 740 808 781 781 750 855 688 793 779 740 808 781
830 739 883 853 782 767 904 750 827 830 739 883 853 782 767 904 750 827 830 739 883 853 782 767 904 750 827 830 739 883 853 782 767 904 750 827 830 739 883 853
751 797 791 833 736 886 692 783 841 751 797 791 833 736 886 692 783 841 751 797 791 833 736 886 692 783 841 751 797 791 833 736 886 692 783 841 751 797 791 833
838 809 768 943 728 831 842 774 892 838 809 768 943 728 831 842 774 892 838 809 768 943 728 831 842 774 892 838 809 768 943 728 831 842 774 892 838 809 768 943
796 766 917 717 841 855 665 949 784 796 766 917 717 841 855 665 949 784 796 766 917 717 841 855 665 949 784 796 766 917 717 841 855 665 949 784 796 766 917 717
841 838 635 964 720 749 874 785 749 841 838 635 964 720 749 874 785 749 841 838 635 964 720 749 874 785 749 841 838 635 964 720 749 874 785 749 841 838 635 964
789 753 859 705 780 788 752 809 785 789 753 859 705 780 788 752 809 785 789 753 859 705 780 788 752 809 785 789 753 859 705 780 788 752 809 785 789 753 859 705
788 782 786 827 765 807 777 855 723 788 782 786 827 765 807 777 855 723 788 782 786 827 765 807 777 855 723 788 782 786 827 765 807 777 855 723 788 782 786 827
824 806 714 899 705 819 789 867 687 824 806 714 899 705 819 789 867 687 824 806 714 899 705 819 789 867 687 824 806 714 899 705 819 789 867 687 824 806 714 899
779 740 808 781 781 750 855 688 793 779 740 808 781 781 750 855 688 793 779 740 808 781 781 750 855 688 793 779 740 808 781 781 750 855 688 793 779 740 808 781
830 739 883 853 782 767 904 750 827 830 739 883 853 782 767 904 750 827 830 739 883 853 782 767 904 750 827 830 739 883 853 782 767 904 750 827 830 739 883 853
751 797 791 833 736 886 692 783 841 751 797 791 833 736 886 692 783 841 751 797 791 833 736 886 692 783 841 751 797 791 833 736 886 692 783 841 751 797 791 833
838 809 768 943 728 831 842 774 892 838 809 768 943 728 831 842 774 892 838 809 768 943 728 831 842 774 892 838 809 768 943 728 831 842 774 892 838 809 768 943
796 766 917 717 841 855 665 949 784 796 766 917 717 841 855 665 949 784 796 766 917 717 841 855 665 949 784 796 766 917 717 841 855 665 949 784 796 766 917 717
841 838 635 964 720 749 874 785 749 841 838 635 964 720 749 874 785 749 841 838 635 964 720 749 874 785 749 841 838 635 964 720 749 874 785 749 841 838 635 964
789 753 859 705 780 788 752 809 785 789 753 859 705 780 788 752 809 785 789 753 859 705 780 788 752 809 785 789 753 859 705 780 788 752 809 785 789 753 859 705
788 782 786 827 765 807 777 855 723 788 782 786 827 765 807 777 855 723 788 782 786 827 765 807 777 855 723 788 782 786 827 765 807 777 855 723 788 782 786 827
741 879 741 756 849 715 801 844 784 741 879 741 756 849 715 801 844 784 741 879 741 756 849 715 801 844 784 741 879 741 756 849 715 801 844 784 741 879 741 756
779 740 808 781 781 750 855 688 793 779 740 808 781 781 750 855 688 793 779 740 808 781 781 750 855 688 793 779 740 808 781 781 750 855 688 793 779 740 808 781
830 739 883 853 782 767 904 750 827 830 739 883 853 782 767 904 750 827 830 739 883 853 782 767 904 750 827 830 739 883 853 782 767 904 750 827 830 739 883 853
751 797 791 833 736 886 692 783 841 751 797 791 833 736 886 692 783 841 751 797 791 833 736 886 692 783 841 751 797 791 833 736 886 692 783 841 751 797 791 833
838 809 768 943 728 831 842 774 892 838 809 768 943 728 831 842 774 892 838 809 768 943 728 831 842 774 892 838 809 768 943 728 831 842 774 892 838 809 768 943
796 766 917 717 841 855 665 949 784 796 766 917 717 841 855 665 949 784 796 766 917 717 841 855 665 949 784 796 766 917 717 841 855 665 949 784 796 766 917 717

# Computation time: 149.498 ms
# Number of threads: 12
42 40
738 765 839 782 764 804 828 697 893 738 765 839 782 764 804 828 697 893 738 765 839 782 764 804 828 697 893 738 765 839 782 764 804 828 697 893 738 765 839 782
812 779 775 748 832 723 777 790 739 812 779 775 748 832 723 777 790 739 812 779 775 748 832 723 777 790 739 812 779 775 748 832 723 777 790 739 812 779 775 748
830 739 883 853 782 767 904 750 827 830 739 883 853 782 767 904 750 827 830 739 883 853 782 767 904 750 827 830 739 883 853 782 767 904 750 827 830 739 883 853
751 797 791 833 736 886 692 783 841 751 797 791 833 736 886 692 783 841 751 797 791 833 736 886 692 783 841 751 797 791 833 736 886 692 783 841 751 797 791 833
788 782 786 827 765 807 777 855 723 788 782 786 827 765 807 777 855 723 788 782 786 827 765 807 777 855 723 788 782 786 827 765 807 777 855 723 788 782 786 827
838 809 768 943 728 831 842 774 892 838 809 768 943 728 831 842 774 892 838 809 768 943 728 831 842 774 892 838 809 768 943 728 831 842 774 892 838 809 768 943
796 766 917 717 841 855 665 949 784 796 766 917 717 841 855 665 949 784 796 766 917 717 841 855 665 949 784 796 766 917 717 841 855 665 949 784 796 766 917 717
841 838 635 964 720 749 874 785 749 841 838 635 964 720 749 874 785 749 841 838 635 964 720 749 874 785 749 841 838 635 964 720 749 874 785 749 841 838 635 964
789 753 859 705 780 788 752 809 785 789 753 859 705 780 788 752 809 785 789 753 859 705 780 788 752 809 785 789 753 859 705 780 788 752 809 785 789 753 859 705
779 740 808 781 781 750 855 688 793 779 740 808 781 781 750 855 688 793 779 740 808 781 781 750 855 688 793 779 740 808 781 781 750 855 688 793 779 740 808 781
824 806 714 899 705 819 789 867 687 824 806 714 899 705 819 789 867 687 824 806 714 899 705 819 789 867 687 824 806 714 899 705 819 789 867 687 824 806 714 899
751 797 791 833 736 886 692 783 841 751 797 791 833 736 886 692 783 841 751 797 791 833 736 886 692 783 841 751 797 791 833 736 886 692 783 841 751 797 791 833
830 739 883 853 782 767 904 750 827 830 739 883 853 782 767 904 750 827 830 739 883 853 782 767 904 750 827 830 739 883 853 782 767 904 750 827 830 739 883 853
838 809 768 943 728 831 842 774 892 838 809 768 943 728 831 842 774 892 838 809 768 943 728 831 842 774 892 838 809 768 943 728 831 842 774 892 838 809 768 943
796 766 917 717 841 855 665 949 784 796 766 917 717 841 855 665 949 784 796 766 917 717 841 855 665 949 784 796 766 917 717 841 855 665 949 784 796 766 917 717
841 838 635 964 720 749 874 785 749 841 838 635 964 720 749 874 785 749 841 838 635 964 720 749 874 785 749 841 838 635 964 720 749 874 785 749 841 838 635 964
789 753 859 705 780 788 752 809 785 789 753 859 705 780 788 752 809 785 789 753 859 705 780 788 752 809 785 789 753 859 705 780 788 752 809 785 789 753 859 705
788 782 786 827 765 807 777 855 723 788 782 786 827 765 807 777 855 723 788 782 786 827 765 807 777 855 723 788 782 786 827 765 807 777 855 723 788 782 786 827
741 879 741 756 849 715 801 844 784 741 879 741 756 849 715 801 844 784 741 879 741 756 849 715 801 844 784 741 879 741 756 849 715 801 844 784 741 879 741 756
779 740 808 781 781 750 855 688 793 779 740 808 781 781 750 855 688 793 779 740 808 781 781 750 855 688 793 779 740 808 781 781 750 855 688 793 779 740 808 781
830 739 883 853 782 767 904 750 827 830 739 883 853 782 767 904 750 827 830 739 883 853 782 767 904 750 827 830 739 883 853 782 767 904 750 827 830 739 883 853
751 797 791 833 736 886 692 783 841 751 797 791 833 736 886 692 783 841 751 797 791 833 736 886 692 783 841 751 797 791 833 736 886 692 783 841 751 797 791 833
838 809 768 943 728 831 842 774 892 838 809 768 943 728 831 842 774 892 838 809 768 943 728 831 842 774 892 838 809 768 943 728 831 842 774 892 838 809 768 943
796 766 917 717 841 855 665 949 784 796 766 917 717 841 855 665 949 784 796 766 917 717 841 855 665 949 784 796 766 917 717 841 855 665 949 784 796 766 917 717
841 838 635 964 720 749 874 785 749 841 838 635 964 720 749 874 785 749 841 838 635 964 720 749 874 785 749 841 838 635 964 720 749 874 785 749 841 838 635 964
789 753 859 705 780 788 752 809 785 789 753 859 705 780 788 752 809 785 789 753 859 705 780 788 752 809 785 789 753 859 705 780 788 752 809 785 789 753 859 705
788 782 786 827 765 807 777 855 723 788 782 786 827 765 807 777 855 723 788 782 786 827 765 807 777 855 723 788 782 786 827 765 807 777 855 723 788 782 786 827
824 806 714 899 705 819 789 867 687 824 806 714 899 705 819 789 867 687 824 806 714 899 705 819 789 867 687 824 806 714 899 705 819 789 867 687 824 806 714 899
779 740 808 781 781 750 855 688 793 779 740 808 781 781 750 855 688 793 779 740 808 781 781 750 855 688 793 779 740 808 781 781 750 855 688 793 779 740 808 781
830 739 883 853 782 767 904 750 827 830 739 883 853 782 767 904 750 827 830 739 883 853 782 767 904 750 827 830 739 883 853 782 767 904 750 827 830 739 883 853
751 797 791 833 736 886 692 783 841 751 797 791 833 736 886 692 783 841 751 797 791 833 736 886 692 783 841 751 797 791 833 736 886 692 783 841 751 797 791 833
838 809 768 943 728 831 842 774 892 838 809 768 943 728 831 842 774 892 838 809 768 943 728 831 842 774 892 838 809 768 943 728 831 842 774 892 838 809 768 943
796 766 917 717 841 855 665 949 784 796 766 917 717 841 855 665 949 784 796 766 917 717 841 855 665 949 784 796 766 917 717 841 855 665 949 784 796 766 917 717
841 838 635 964 720 749 874 785 749 841 838 635 964 720 749 874 785 749 841 838 635 964 720 749 874 785 749 841 838 635 964 720 749 874 785 749 841 838 635 964
789 753 859 705 780 788 752 809 785 789 753 859 705 780 788 752 809 785 789 753 859 705 780 788 752 809 785 789 753 859 705 780 788 752 809 785 789 753 859 705
788 782 786 827 765 807 777 855 723 788 782 786 827 765 807 777 855 723 788 782 786 827 765 807 777 855 723 788 782 786 827 765 807 777 855 723 788 782 786 827
741 879 741 756 849 715 801 844 784 741 879 741 756 849 715 801 844 784 741 879 741 756 849 715 801 844 784 741 879 741 756 849 715 801 844 784 741 879 741 756
779 740 808 781 781 750 855 688 793 779 740 808 781 781 750 855 688 793 779 740 808 781 781 750 855 688 793 779 740 808 781 781 750 855 688 793 779 740 808 781
830 739 883 853 782 767 904 750 827 830 739 883 853 782 767 904 750 827 830 739 883 853 782 767 904 750 827 830 739 883 853 782 767 904 750 827 830 739 883 853
751 797 791 833 736 886 692 783 841 751 797 791 833 736 886 692 783 841 751 797 791 833 736 886 692 783 841 751 797 791 833 736 886 692 783 841 751 797 791 833
838 809 768 943 728 831 842 774 892 838 809 768 943 728 831 842 774 892 838 809 768 943 728 831 842 774 892 838 809 768 943 728 831 842 774 892 838 809 768 943
796 766 917 717 841 855 665 949 784 796 766 917 717 841 855 665 949 784 796 766 917 717 841 855 665 949 784 796 766 917 717 841 855 665 949 784 796 766 917 717

# Computation time: 890.2 ms
# Number of threads: 2
42 40
738 765 839 782 764 804 828 697 893 738 765 839 782 764 804 828 697 893 738 765 839 782 764 804 828 697 893 738 765 839 782 764 804 828 697 893 738 765 839 782
812 779 775 748 832 723 777 790 739 812 779 775 748 832 723 777 790 739 812 779 775 748 832 723 777 790 739 812 779 775 748 832 723 777 790 739 812 779 775 748
830 739 883 853 782 767 904 750 827 830 739 883 853 782 767 904 750 827 830 739 883 853 782 767 904 750 827 830 739 883 853 782 767 904 750 827 830 739 883 853
751 797 791 833 736 886 692 783 841 751 797 791 833 736 886 692 783 841 751 797 791 833 736 886 692 783 841 751 797 791 833 736 886 692 783 841 751 797 791 833
788 782 786 827 765 807 777 855 723 788 782 786 827 765 807 777 855 723 788 782 786 827 765 807 777 855 723 788 782 786 827 765 807 777 855 723 788 782 786 827
838 809 768 943 728 831 842 774 892 838 809 768 943 728 831 842 774 892 838 809 768 943 728 831 842 774 892 838 809 768 943 728 831 842 774 892 838 809 768 943
796 766 917 717 841 855 665 949 784 796 766 917 717 841 855 665 949 784 796 766 917 717 841 855 665 949 784 796 766 917 717 841 855 665 949 784 796 766 917 717
841 838 635 964 720 749 874 785 749 841 838 635 964 720 749 874 785 749 841 838 635 964 720 749 874 785 749 841 838 635 964 720 749 874 785 749 841 838 635 964
789 753 859 705 780 788 752 809 785 789 753 859 705 780 788 752 809 785 789 753 859 705 780 788 752 809 785 789 753 859 705 780 788 752 809 785 789 753 859 705
779 740 808 781 781 750 855 688 793 779 740 808 781 781 750 855 688 793 779 740 808 781 781 750 855 688 793 779 740 808 781 781 750 855 688 793 779 740 808 781
824 806 714 899 705 819 789 867 687 824 806 714 899 705 819 789 867 687 824 806 714 899 705 819 789 867 687 824 806 714 899 705 819 789 867 687 824 806 714 899
751 797 791 833 736 886 692 783 841 751 797 791 833 736 886 692 783 841 751 797 791 833 736 886 692 783 841 751 797 791 833 736 886 692 783 841 751 797 791 833
830 739 883 853 782 767 904 750 827 830 739 883 853 782 767 904 750 827 830 739 883 853 782 767 904 750 827 830 739 883 853 782 767 904 750 827 830 739 883 853
838 809 768 943 728 831 842 774 892 838 809 768 943 728 831 842 774 892 838 809 768 943 728 831 842 774 892 838 809 768 943 728 831 842 774 892 838 809 768 943
796 766 917 717 841 855 665 949 784 796 766 917 717 841 855 665 949 784 796 766 917 717 841 855 665 949 784 796 766 917 717 841 855 665 949 784 796 766 917 717
841 838 635 964 720 749 874 785 749 841 838 635 964 720 749 874 785 749 841 838 635 964 720 749 874 785 749 841 838 635 964 720 749 874 785 749 841 838 635 964
789 753 859 705 780 788 752 809 785 789 753 859 705 780 788 752 809 785 789 753 859 705 780 788 752 809 785 789 753 859 705 780 788 752 809 785 789 753 859 705
788 782 786 827 765 807 777 855 723 788 782 786 827 765 807 777 855 723 788 782 786 827 765 807 777 855 723 788 782 786 827 765 807 777 855 723 788 782 786 827
741 879 741 756 849 715 801 844 784 741 879 741 756 849 715 801 844 784 741 879 741 756 849 715 801 844 784 741 879 741 756 849 715 801 844 784 741 879 741 756
779 740 808 781 781 750 855 688 793 779 740 808 781 781 750 855 688 793 779 740 808 781 781 750 855 688 793 779 740 808 781 781 750 855 688 793 779 740 808 781
830 739 883 853 782 767 904 750 827 830 739 883 853 782 767 904 750 827 830 739 883 853 782 767 904 750 827 830 739 883 853 782 767 904 750 827 830 739 883 853
751 797 791 833 736 886 692 783 841 751 797 791 833 736 886 692 783 841 751 797 791 833 736 886 692 783 841 751 797 791 833 736 886 692 783 841 751 797 791 833
838 809 768 943 728 831 842 774 892 838 809 768 943 728 831 842 774 892 838 809 768 943 728 831 842 774 892 838 809 768 943 728 831 842 774 892 838 809 768 943
796 766 917 717 841 855 665 949 784 796 766 917 717 841 855 665 949 784 796 766 917 717 841 855 665 949 784 796 766 917 717 841 855 665 949 784 796 766 917 717
841 838 635 964 720 749 874 785 749 841 838 635 964 720 749 874 785 749 841 838 635 964 720 749 874 785 749 841 838 635 964 720 749 874 785 749 841 838 635 964
789 753 859 705 780 788 752 809 785 789 753 859 705 780 788 752 809 785 789 753 859 705 780 788 752 809 785 789 753 859 705 780 788 752 809 785 789 753 859 705
788 782 786 827 765 807 777 855 723 788 782 786 827 765 807 777 855 723 788 782 786 827 765 807 777 855 723 788 782 786 827 765 807 777 855 723 788 782 786 827
824 806 714 899 705 819 789 867 687 824 806 714 899 705 819 789 867 687 824 806 714 899 705 819 789 867 687 824 806 714 899 705 819 789 867 687 824 806 714 899
779 740 808 781 781 750 855 688 793 779 740 808 781 781 750 855 688 793 779 740 808 781 781 750 855 688 793 779 740 808 781 781 750 855 688 793 779 740 808 781
830 739 883 853 782 767 904 750 827 830 739 883 853 782 767 904 750 827 830 739 883 853 782 767 904 750 827 830 739 883 853 782 767 904 750 827 830 739 883 853
751 797 791 833 736 886 692 783 841 751 797 791 833 736 886 692 783 841 751 797 791 833 736 886 692 783 841 751 797 791 833 736 886 692 783 841 751 797 791 833
838 809 768 943 728 831 842 774 892 838 809 768 943 728 831 842 774 892 838 809 768 943 728 831 842 774 892 838 809 768 943 728 831 842 774 892 838 809 768 943
796 766 917 717 841 855 665 949 784 796 766 917 717 841 855 665 949 784 796 766 917 717 841 855 665 949 784 796 766 917 717 841 855 665 949 784 796 766 917 717
841 838 635 964 720 749 874 785 749 841 838 635 964 720 749 874 785 749 841 838 635 964 720 749 874 785 749 841 838 635 964 720 749 874 785 749 841 838 635 964
789 753 859 705 780 788 752 809 785 789 753 859 705 780 788 752 809 785 789 753 859 705 780 788 752 809 785 789 753 859 705 780 788 752 809 785 789 753 859 705
788 782 786 827 765 807 777 855 723 788 782 786 827 765 807 777 855 723 788 782 786 827 765 807 777 855 723 788 782 786 827 765 807 777 855 723 788 782 786 827
741 879 741 756 849 715 801 844 784 741 879 741 756 849 715 801 844 784 741 879 741 756 849 715 801 844 784 741 879 741 756 849 715 801 844 784 741 879 741 756
779 740 808 781 781 750 855 688 793 779 740 808 781 781 750 855 688 793 779 740 808 781 781 750 855 688 793 779 740 808 781 781 750 855 688 793 779 740 808 781
830 739 883 853 782 767 904 750 827 830 739 883 853 782 767 904 750 827 830 739 883 853 782 767 904 750 827 830 739 883 853 782 767 904 750 827 830 739 883 853
751 797 791 833 736 886 692 783 841 751 797 791 833 736 886 692 783 841 751 797 791 833 736 886 692 783 841 751 797 791 833 736 886 692 783 841 751 797 791 833
838 809 768 943 728 831 842 774 892 838 809 768 943 728 831 842 774 892 838 809 768 943 728 831 842 774 892 838 809 768 943 728 831 842 774 892 838 809 768 943
796 766 917 717 841 855 665 949 784 796 766 917 717 841 855 665 949 784 796 766 917 717 841 855 665 949 784 796 766 917 717 841 855 665 949 784 796 766 917 717

# Computation time: 889.599 ms
# Number of threads: 2
42 40
738 765 839 782 764 804 828 697 893 738 765 839 782 764 804 828 697 893 738 765 839 782 764 804 828 697 893 738 765 839 782 764 804 828 697 893 738 765 839 782
812 779 775 748 832 723 777 790 739 812 779 775 748 832 723 777 790 739 812 779 775 748 832 723 777 790 739 812 779 775 748 832 723 777 790 739 812 779 775 748
830 739 883 853 782 767 904 750 827 830 739 883 853 782 767 904 750 827 830 739 883 853 782 767 904 750 827 830 739 883 853 782 767 904 750 827 830 739 883 853
751 797 791 833 736 886 692 783 841 751 797 791 833 736 886 692 783 841 751 797 791 833 736 886 692 783 841 751 797 791 833 736 886 692 783 841 751 797 791 833
788 782 786 827 765 807 777 855 723 788 782 786 827 765 807 777 855 723 788 782 786 827 765 807 777 855 723 788 782 786 827 765 807 777 855 723 788 782 786 827
838 809 768 943 728 831 842 774 892 838 809 768 943 728 831 842 774 892 838 809 768 943 728 831 842 774 892 838 809 768 943 728 831 842 774 892 838 809 768 943
796 766 917 717 841 855 665 949 784 796 766 917 717 841 855 665 949 784 796 766 917 717 841 855 665 949 784 796 766 917 717 841 855 665 949 784 796 766 917 717
841 838 635 964 720 749 874 785 749 841 838 635 964 720 749 874 785 749 841 838 635 964 720 749 874 785 749 841 838 635 964 720 749 874 785 749 841 838 635 964
789 753 859 705 780 788 752 809 785 789 753 859 705 780 788 752 809 785 789 753 859 705 780 788 752 809 785 789 753 859 705 780 788 752 809 785 789 753 859 705
779 740 808 781 781 750 855 688 793 779 740 808 781 781 750 855 688 793 779 740 808 781 781 750 855 688 793 779 740 808 781 781 750 855 688 793 779 740 808 781
824 806 714 899 705 819 789 867 687 824 806 714 899 705 819 789 867 687 824 806 714 899 705 819 789 867 687 824 806 714 899 705 819 789 867 687 824 806 714 899
751 797 791 833 736 886 692 783 841 751 797 791 833 736 886 692 783 841 751 797 791 833 736 886 692 783 841 751 797 791 833 736 886 692 783 841 751 797 791 833
830 739 883 853 782 767 904 750 827 830 739 883 853 782 767 904 750 827 830 739 883 853 782 767 904 750 827 830 739 883 853 782 767 904 750 827 830 739 883 853
838 809 768 943 728 831 842 774 892 838 809 768 943 728 831 842 774 892 838 809 768 943 728 831 842 774 892 838 809 768 943 728 831 842 774 892 838 809 768 943
796 766 917 717 841 855 665 949 784 796 766 917 717 841 855 665 949 784 796 766 917 717 841 855 665 949 784 796 766 917 717 841 855 665 949 784 796 766 917 717
841 838 635 964 720 749 874 785 749 841 838 635 964 720 749 874 785 749 841 838 635 964 720 749 874 785 749 841 838 635 964 720 749 874 785 749 841 838 635 964
789 753 859 705 780 788 752 809 785 789 753 859 705 780 788 752 809 785 789 753 859 705 780 788 752 809 785 789 753 859 705 780 788 752 809 785 789 753 859 705
788 782 786 827 765 807 777 855 723 788 782 786 827 765 807 777 855 723 788 782 786 827 765 807 777 855 723 788 782 786 827 765 807 777 855 723 788 782 786 827
741 879 741 756 849 715 801 844 784 741 879 741 756 849 715 801 844 784 741 879 741 756 849 715 801 844 784 741 879 741 756 849 715 801 844 784 741 879 741 756
779 740 808 781 781 750 855 688 793 779 740 808 781 781 750 855 688 793 779 740 808 781 781 750 855 688 793 779 740 808 781 781 750 855 688 793 779 740 808 781
830 739 883 853 782 767 904 750 827 830 739 883 853 782 767 904 750 827 830 739 883 853 782 767 904 750 827 830 739 883 853 782 767 904 750 827 830 739 883 853
751 797 791 833 736 886 692 783 841 751 797 791 833 736 886 692 783 841 751 797 791 833 736 886 692 783 841 751 797 791 833 736 886 692 783 841 751 797 791 833
838 809 768 943 728 831 842 774 892 838 809 768 943 728 831 842 774 892 838 809 768 943 728 831 842 774 892 838 809 768 943 728 831 842 774 892 838 809 768 943
796 766 917 717 841 855 665 949 784 796 766 917 717 841 855 665 949 784 796 766 917 717 841 855 665 949 784 796 766 917 717 841 855 665 949 784 796 766 917 717
841 838 635 964 720 749 874 785 749 841 838 635 964 720 749 874 785 749 841 838 635 964 720 749 874 785 749 841 838 635 964 720 749 874 785 749 841 838 635 964
789 753 859 705 780 788 752 809 785 789 753 859 705 780 788 752 809 785 789 753 859 705 780 788 752 809 785 789 753 859 705 780 788 752 809 785 789 753 859 705
788 782 786 827 765 807 777 855 723 788 782 786 827 765 807 777 855 723 788 782 786 827 765 807 777 855 723 788 782 786 827 765 807 777 855 723 788 782 786 827
824 806 714 899 705 819 789 867 687 824 806 714 899 705 819 789 867 687 824 806 714 899 705 819 789 867 687 824 806 714 899 705 819 789 867 687 824 806 714 899
779 740 808 781 781 750 855 688 793 779 740 808 781 781 750 855 688 793 779 740 808 781 781 750 855 688 793 779 740 808 781 781 750 855 688 793 779 740 808 781
830 739 883 853 782 767 904 750 827 830 739 883 853 782 767 904 750 827 830 739 883 853 782 767 904 750 827 830 739 883 853 782 767 904 750 827 830 739 883 853
751 797 791 833 736 886 692 783 841 751 797 791 833 736 886 692 783 841 751 797 791 833 736 886 692 783 841 751 797 791 833 736 886 692 783 841 751 797 791 833
838 809 768 943 728 831 842 774 892 838 809 768 943 728 831 842 774 892 838 809 768 943 728 831 842 774 892 838 809 768 943 728 831 842 774 892 838 809 768 943
796 766 917 717 841 855 665 949 784 796 766 917 717 841 855 665 949 784 796 766 917 717 841 855 665 949 784 796 766 917 717 841 855 665 949 784 796 766 917 717
841 838 635 964 720 749 874 785 749 841 838 635 964 720 749 874 785 749 841 838 635 964 720 749 874 785 749 841 838 635 964 720 749 874 785 749 841 838 635 964
789 753 859 705 780 788 752 809 785 789 753 859 705 780 788 752 809 785 789 753 859 705 780 788 752 809 785 789 753 859 705 780 788 752 809 785 789 753 859 705
788 782 786 827 765 807 777 855 723 788 782 786 827 765 807 777 855 723 788 782 786 827 765 807 777 855 723 788 782 786 827 765 807 777 855 723 788 782 786 827
741 879 741 756 849 715 801 844 784 741 879 741 756 849 715 801 844 784 741 879 741 756 849 715 801 844 784 741 879 741 756 849 715 801 844 784 741 879 741 756
779 740 808 781 781 750 855 688 793 779 740 808 781 781 750 855 688 793 779 740 808 781 781 750 855 688 793 779 740 808 781 781 750 855 688 793 779 740 808 781
830 739 883 853 782 767 904 750 827 830 739 883 853 782 767 904 750 827 830 739 883 853 782 767 904 750 827 830 739 883 853 782 767 904 750 827 830 739 883 853
751 797 791 833 736 886 692 783 841 751 797 791 833 736 886 692 783 841 751 797 791 833 736 886 692 783 841 751 797 791 833 736 886 692 783 841 751 797 791 833
838 809 768 943 728 831 842 774 892 838 809 768 943 728 831 842 774 892 838 809 768 943 728 831 842 774 892 838 809 768 943 728 831 842 774 892 838 809 768 943
796 766 917 717 841 855 665 949 784 796 766 917 717 841 855 665 949 784 796 766 917 717 841 855 665 949 784 796 766 917 717 841 855 665 949 784 796 766 917 717

# Computation time: 889.783 ms
# Number of threads: 2
42 40
738 765 839 782 764 804 828 697 893 738 765 839 782 764 804 828 697 893 738 765 839 782 764 804 828 697 893 738 765 839 782 764 804 828 697 893 738 765 839 782
812 779 775 748 832 723 777 790 739 812 779 775 748 832 723 777 790 739 812 779 775 748 832 723 777 790 739 812 779 775 748 832 723 777 790 739 812 779 775 748
830 739 883 853 782 767 904 750 827 830 739 883 853 782 767 904 750 827 830 739 883 853 782 767 904 750 827 830 739 883 853 782 767 904 750 827 830 739 883 853
751 797 791 833 736 886 692 783 841 751 797 791 833 736 886 692 783 841 751 797 791 833 736 886 692 783 841 751 797 791 833 736 886 692 783 841 751 797 791 833
788 782 786 827 765 807 777 855 723 788 782 786 827 765 807 777 855 723 788 782 786 827 765 807 777 855 723 788 782 786 827 765 807 777 855 723 788 782 786 827
838 809 768 943 728 831 842 774 892 838 809 768 943 728 831 842 774 892 838 809 768 943 728 831 842 774 892 838 809 768 943 728 831 842 774 892 838 809 768 943
796 766 917 717 841 855 665 949 784 796 766 917 717 841 855 665 949 784 796 766 917 717 841 855 665 949 784 796 766 917 717 841 855 665 949 784 796 766 917 717
841 838 635 964 720 749 874 785 749 841 838 635 964 720 749 874 785 749 841 838 635 964 720 749 874 785 749 841 838 635 964 720 749 874 785 749 841 838 635 964
789 753 859 705 780 788 752 809 785 789 753 859 705 780 788 752 809 785 789 753 859 705 780 788 752 809 785 789 753 859 705 780 788 752 809 785 789 753 859 705
779 740 808 781 781 750 855 688 793 779 740 808 781 781 750 855 688 793 779 740 808 781 781 750 855 688 793 779 740 808 781 781 750 855 688 793 779 740 808 781
824 806 714 899 705 819 789 867 687 824 806 714 899 705 819 789 867 687 824 806 714 899 705 819 789 867 687 824 806 714 899 705 819 789 867 687 824 806 714 899
751 797 791 833 736 886 692 783 841 751 797 791 833 736 886 692 783 841 751 797 791 833 736 886 692 783 841 751 797 791 833 736 886 692 783 841 751 797 791 833
830 739 883 853 782 767 904 750 827 830 739 883 853 782 767 904 750 827 830 739 883 853 782 767 904 750 827 830 739 883 853 782 767 904 750 827 830 739 883 853
838 809 768 943 728 831 842 774 892 838 809 768 943 728 831 842 774 892 838 809 768 943 728 831 842 774 892 838 809 768 943 728 831 842 774 892 838 809 768 943
796 766 917 717 841 855 665 949 784 796 766 917 717 841 855 665 949 784 796 766 917 717 841 855 665 949 784 796 766 917 717 841 855 665 949 784 796 766 917 717
841 838 635 964 720 749 874 785 749 841 838 635 964 720 749 874 785 749 841 838 635 964 720 749 874 785 749 841 838 635 964 720 749 874 785 749 841 838 635 964
789 753 859 705 780 788 752 809 785 789 753 859 705 780 788 752 809 785 789 753 859 705 780 788 752 809 785 789 753 859 705 780 788 752 809 785 789 753 859 705
788 782 786 827 765 807 777 855 723 788 782 786 827 765 807 777 855 723 788 782 786 827 765 807 777 855 723 788 782 786 827 765 807 777 855 723 788 782 786 827
741 879 741 756 849 715 801 844 784 741 879 741 756 849 715 801 844 784 741 879 741 756 849 715 801 844 784 741 879 741 756 849 715 801 844 784 741 879 741 756
779 740 808 781 781 750 855 688 793 779 740 808 781 781 750 855 688 793 779 740 808 781 781 750 855 688 793 779 740 808 781 781 750 855 688 793 779 740 808 781
830 739 883 853 782 767 904 750 827 830 739 883 853 782 767 904 750 827 830 739 883 853 782 767 904 750 827 830 739 883 853 782 767 904 750 827 830 739 883 853
751 797 791 833 736 886 692 783 841 751 797 791 833 736 886 692 783 841 751 797 791 833 736 886 692 783 841 751 797 791 833 736 886 692 783 841 751 797 791 833
838 809 768 943 728 831 842 774 892 838 809 768 943 728 831 842 774 892 838 809 768 943 728 831 842 774 892 838 809 768 943 728 831 842 774 892 838 809 768 943
796 766 917 717 841 855 665 949 784 796 766 917 717 841 855 665 949 784 796 766 917 717 841 855 665 949 784 796 766 917 717 841 855 665 949 784 796 766 917 717
841 838 635 964 720 749 874 785 749 841 838 635 964 720 749 874 785 749 841 838 635 964 720 749 874 785 749 841 838 635 964 720 749 874 785 749 841 838 635 964
789 753 859 705 780 788 752 809 785 789 753 859 705 780 788 752 809 785 789 753 859 705 780 788 752 809 785 789 753 859 705 780 788 752 809 785 789 753 859 705
788 782 786 827 765 807 777 855 723 788 782 786 827 765 807 777 855 723 788 782 786 827 765 807 777 855 723 788 782 786 827 765 807 777 855 723 788 782 786 827
824 806 714 899 705 819 789 867 687 824 806 714 899 705 819 789 867 687 824 806 714 899 705 819 789 867 687 824 806 714 899 705 819 789 867 687 824 806 714 899
779 740 808 781 781 750 855 688 793 779 740 808 781 781 750 855 688 793 779 740 808 781 781 750 855 688 793 779 740 808 781 781 750 855 688 793 779 740 808 781
830 739 883 853 782 767 904 750 827 830 739 883 853 782 767 904 750 827 830 739 883 853 782 767 904 750 827 830 739 883 853 782 767 904 750 827 830 739 883 853
751 797 791 833 736 886 692 783 841 751 797 791 833 736 886 692 783 841 751 797 791 833 736 886 692 783 841 751 797 791 833 736 886 692 783 841 751 797 791 833
838 809 768 943 728 831 842 774 892 838 809 768 943 728 831 842 774 892 838 809 768 943 728 831 842 774 892 838 809 768 943 728 831 842 774 892 838 809 768 943
796 766 917 717 841 855 665 949 784 796 766 917 717 841 855 665 949 784 796 766 917 717 841 855 665 949 784 796 766 917 717 841 855 665 949 784 796 766 917 717
841 838 635 964 720 749 874 785 749 841 838 635 964 720 749 874 785 749 841 838 635 964 720 749 874 785 749 841 838 635 964 720 749 874 785 749 841 838 635 964
789 753 859 705 780 788 752 809 785 789 753 859 705 780 788 752 809 785 789 753 859 705 780 788 752 809 785 789 753 859 705 780 788 752 809 785 789 753 859 705
788 782 786 827 765 807 777 855 723 788 782 786 827 765 807 777 855 723 788 782 786 827 765 807 777 855 723 788 782 786 827 765 807 777 855 723 788 782 786 827
741 879 741 756 849 715 801 844 784 741 879 741 756 849 715 801 844 784 741 879 741 756 849 715 801 844 784 741 879 741 756 849 715 801 844 784 741 879 741 756
779 740 808 781 781 750 855 688 793 779 740 808 781 781 750 855 688 793 779 740 808 781 781 750 855 688 793 779 740 808 781 781 750 855 688 793 779 740 808 781
830 739 883 853 782 767 904 750 827 830 739 883 853 782 767 904 750 827 830 739 883 853 782 767 904 750 827 830 739 883 853 782 767 904 750 827 830 739 883 853
751 797 791 833 736 886 692 783 841 751 797 791 833 736 886 692 783 841 751 797 791 833 736 886 692 783 841 751 797 791 833 736 886 692 783 841 751 797 791 833
838 809 768 943 728 831 842 774 892 838 809 768 943 728 831 842 774 892 838 809 768 943 728 831 842 774 892 838 809 768 943 728 831 842 774 892 838 809 768 943
796 766 917 717 841 855 665 949 784 796 766 917 717 841 855 665 949 784 796 766 917 717 841 855 665 949 784 796 766 917 717 841 855 665 949 784 796 766 917 717

# Computation time: 296.679 ms
# Number of threads: 6
42 40
738 765 839 782 764 804 828 697 893 738 765 839 782 764 804 828 697 893 738 765 839 782 764 804 828 697 893 738 765 839 782 764 804 828 697 893 738 765 839 782
812 779 775 748 832 723 777 790 739 812 779 775 748 832 723 777 790 739 812 779 775 748 832 723 777 790 739 812 779 775 748 832 723 777 790 739 812 779 775 748
830 739 883 853 782 767 904 750 827 830 739 883 853 782 767 904 750 827 830 739 883 853 782 767 904 750 827 830 739 883 853 782 767 904 750 827 830 739 883 853
751 797 791 833 736 886 692 783 841 751 797 791 833 736 886 692 783 841 751 797 791 833 736 886 692 783 841 751 797 791 833 736 886 692 783 841 751 797 791 833
788 782 786 827 765 807 777 855 723 788 782 786 827 765 807 777 855 723 788 782 786 827 765 807 777 855 723 788 782 786 827 765 807 777 855 723 788 782 786 827
838 809 768 943 728 831 842 774 892 838 809 768 943 728 831 842 774 892 838 809 768 943 728 831 842 774 892 838 809 768 943 728 831 842 774 892 838 809 768 943
796 766 917 717 841 855 665 949 784 796 766 917 717 841 855 665 949 784 796 766 917 717 841 855 665 949 784 796 766 917 717 841 855 665 949 784 796 766 917 717
841 838 635 964 720 749 874 785 749 841 838 635 964 720 749 874 785 749 841 838 635 964 720 749 874 785 749 841 838 635 964 720 749 874 785 749 841 838 635 964
789 753 859 705 780 788 752 809 785 789 753 859 705 780 788 752 809 785 789 753 859 705 780 788 752 809 785 789 753 859 705 780 788 752 809 785 789 753 859 705
779 740 808 781 781 750 855 688 793 779 740 808 781 781 750 855 688 793 779 740 808 781 781 750 855 688 793 779 740 808 781 781 750 855 688 793 779 740 808 781
824 806 714 899 705 819 789 867 687 824 806 714 899 705 819 789 867 687 824 806 714 899 705 819 789 867 687 824 806 714 899 705 819 789 867 687 824 806 714 899
751 797 791 833 736 886 692 783 841 751 797 791 833 736 886 692 783 841 751 797 791 833 736 886 692 783 841 751 797 791 833 736 886 692 783 841 751 797 791 833
830 739 883 853 782 767 904 750 827 830 739 883 853 782 767 904 750 827 830 739 883 853 782 767 904 750 827 830 739 883 853 782 767 904 750 827 830 739 883 853
838 809 768 943 728 831 842 774 892 838 809 768 943 728 831 842 774 892 838 809 768 943 728 831 842 774 892 838 809 768 943 728 831 842 774 892 838 809 768 943
796 766 917 717 841 855 665 949 784 796 766 917 717 841 855 665 949 784 796 766 917 717 841 855 665 949 784 796 766 917 717 841 855 665 949 784 796 766 917 717
841 838 635 964 720 749 874 785 749 841 838 635 964 720 749 874 785 749 841 838 635 964 720 749 874 785 749 841 838 635 964 720 749 874 785 749 841 838 635 964
789 753 859 705 780 788 752 809 785 789 753 859 705 780 788 752 809 785 789 753 859 705 780 788 752 809 785 789 753 859 705 780 788 752 809 785 789 753 859 705
788 782 786 827 765 807 777 855 723 788 782 786 827 765 807 777 855 723 788 782 786 827 765 807 777 855 723 788 782 786 827 765 807 777 855 723 788 782 786 827
741 879 741 756 849 715 801 844 784 741 879 741 756 849 715 801 844 784 741 879 741 756 849 715 801 844 784 741 879 741 756 849 715 801 844 784 741 879 741 756
779 740 808 781 781 750 855 688 793 779 740 808 781 781 750 855 688 793 779 740 808 781 781 750 855 688 793 779 740 808 781 781 750 855 688 793 779 740 808 781
830 739 883 853 782 767 904 750 827 830 739 883 853 782 767 904 750 827 830 739 883 853 782 767 904 750 827 830 739 883 853 782 767 904 750 827 830 739 883 853
751 797 791 833 736 886 692 783 841 751 797 791 833 736 886 692 783 841 751 797 791 833 736 886 692 783 841 751 797 791 833 736 886 692 783 841 751 797 791 833
838 809 768 943 728 831 842 774 892 838 809 768 943 728 831 842 774 892 838 809 768 943 728 831 842 774 892 838 809 768 943 728 831 842 774 892 838 809 768 943
796 766 917 717 841 855 665 949 784 796 766 917 717 841 855 665 949 784 796 766 917 717 841 855 665 949 784 796 766 917 717 841 855 665 949 784 796 766 917 717
841 838 635 964 720 749 874 785 749 841 838 635 964 720 749 874 785 749 841 838 635 964 720 749 874 785 749 841 838 635 964 720 749 874 785 749 841 838 635 964
789 753 859 705 780 788 752 809 785 789 753 859 705 780 788 752 809 785 789 753 859 705 780 788 752 809 785 789 753 859 705 780 788 752 809 785 789 753 859 705
788 782 786 827 765 807 777 855 723 788 782 786 827 765 807 777 855 723 788 782 786 827 765 807 777 855 723 788 782 786 827 765 807 777 855 723 788 782 786 827
824 806 714 899 705 819 789 867 687 824 806 714 899 705 819 789 867 687 824 806 714 899 705 819 789 867 687 824 806 714 899 705 819 789 867 687 824 806 714 899
779 740 808 781 781 750 855 688 793 779 740 808 781 781 750 855 688 793 779 740 808 781 781 750 855 688 793 779 740 808 781 781 750 855 688 793 779 740 808 781
830 739 883 853 782 767 904 750 827 830 739 883 853 782 767 904 750 827 830 739 883 853 782 767 904 750 827 830 739 883 853 782 767 904 750 827 830 739 883 853
751 797 791 833 736 886 692 783 841 751 797 791 833 736 886 692 783 841 751 797 791 833 736 886 692 783 841 751 797 791 833 736 886 692 783 841 751 797 791 833
838 809 768 943 728 831 842 774 892 838 809 768 943 728 831 842 774 892 838 809 768 943 728 831 842 774 892 838 809 768 943 728 831 842 774 892 838 809 768 943
796 766 917 717 841 855 665 949 784 796 766 917 717 841 855 665 949 784 796 766 917 717 841 855 665 949 784 796 766 917 717 841 855 665 949 784 796 766 917 717
841 838 635 964 720 749 874 785 749 841 838 635 964 720 749 874 785 749 841 838 635 964 720 749 874 785 749 841 838 635 964 720 749 874 785 749 841 838 635 964
789 753 859 705 780 788 752 809 785 789 753 859 705 780 788 752 809 785 789 753 859 705 780 788 752 809 785 789 753 859 705 780 788 752 809 785 789 753 859 705
788 782 786 827 765 807 777 855 723 788 782 786 827 765 807 777 855 723 788 782 786 827 765 807 777 855 723 788 782 786 827 765 807 777 855 723 788 782 786 827
741 879 741 756 849 715 801 844 784 741 879 741 756 849 715 801 844 784 741 879 741 756 849 715 801 844 784 741 879 741 756 849 715 801 844 784 741 879 741 756
779 740 808 781 781 750 855 688 793 779 740 808 781 781 750 855 688 793 779 740 808 781 781 750 855 688 793 779 740 808 781 781 750 855 688 793 779 740 808 781
830 739 883 853 782 767 904 750 827 830 739 883 853 782 767 904 750 827 830 739 883 853 782 767 904 750 827 830 739 883 853 782 767 904 750 827 830 739 883 853
751 797 791 833 736 886 692 783 841 751 797 791 833 736 886 692 783 841 751 797 791 833 736 886 692 783 841 751 797 791 833 736 886 692 783 841 751 797 791 833
838 809 768 943 728 831 842 774 892 838 809 768 943 728 831 842 774 892 838 809 768 943 728 831 842 774 892 838 809 768 943 728 831 842 774 892 838 809 768 943
796 766 917 717 841 855 665 949 784 796 766 917 717 841 855 665 949 784 796 766 917 717 841 855 665 949 784 796 766 917 717 841 855 665 949 784 796 766 917 717

# Computation time: 296.479 ms
# Number of threads: 6
42 40
738 765 839 782 764 804 828 697 893 738 765 839 782 764 804 828 697 893 738 765 839 782 764 804 828 697 893 738 765 839 782 764 804 828 697 893 738 765 839 782
812 779 775 748 832 723 777 790 739 812 779 775 748 832 723 777 790 739 812 779 775 748 832 723 777 790 739 812 779 775 748 832 723 777 790 739 812 779 775 748
830 739 883 853 782 767 904 750 827 830 739 883 853 782 767 904 750 827 830 739 883 853 782 767 904 750 827 830 739 883 853 782 767 904 750 827 830 739 883 853
751 797 791 833 736 886 692 783 841 751 797 791 833 736 886 692 783 841 751 797 791 833 736 886 692 783 841 751 797 791 833 736 886 692 783 841 751 797 791 833
788 782 786 827 765 807 777 855 723 788 782 786 827 765 807 777 855 723 788 782 786 827 765 807 777 855 723 788 782 786 827 765 807 777 855 723 788 782 786 827
838 809 768 943 728 831 842 774 892 838 809 768 943 728 831 842 774 892 838 809 768 943 728 831 842 774 892 838 809 768 943 728 831 842 774 892 838 809 768 943
796 766 917 717 841 855 665 949 784 796 766 917 717 841 855 665 949 784 796 766 917 717 841 855 665 949 784 796 766 917 717 841 855 665 949 784 796 766 917 717
841 838 635 964 720 749 874 785 749 841 838 635 964 720 749 874 785 749 841 838 635 964 720 749 874 785 749 841 838 635 964 720 749 874 785 749 841 838 635 964
789 753 859 705 780 788 752 809 785 789 753 859 705 780 788 752 809 785 789 753 859 705 780 788 752 809 785 789 753 859 705 780 788 752 809 785 789 753 859 705
779 740 808 781 781 750 855 688 793 779 740 808 781 781 750 855 688 793 779 740 808 781 781 750 855 688 793 779 740 808 781 781 750 855 688 793 779 740 808 781
824 806 714 899 705 819 789 867 687 824 806 714 899 705 819 789 867 687 824 806 714 899 705 819 789 867 687 824 806 714 899 705 819 789 867 687 824 806 714 899
751 797 791 833 736 886 692 783 841 751 797 791 833 736 886 692 783 841 751 797 791 833 736 886 692 783 841 751 797 791 833 736 886 692 783 841 751 797 791 833
830 739 883 853 782 767 904 750 827 830 739 883 853 782 767 904 750 827 830 739 883 853 782 767 904 750 827 830 739 883 853 782 767 904 750 827 830 739 883 853
838 809 768 943 728 831 842 774 892 838 809 768 943 728 831 842 774 892 838 809 768 943 728 831 842 774 892 838 809 768 943 728 831 842 774 892 838 809 768 943
796 766 917 717 841 855 665 949 784 796 766 917 717 841 855 665 949 784 796 766 917 717 841 855 665 949 784 796 766 917 717 841 855 665 949 784 796 766 917 717
841 838 635 964 720 749 874 785 749 841 838 635 964 720 749 874 785 749 841 838 635 964 720 749 874 785 749 841 838 635 964 720 749 874 785 749 841 838 635 964
789 753 859 705 780 788 752 809 785 789 753 859 705 780 788 752 809 785 789 753 859 705 780 788 752 809 785 789 753 859 705 780 788 752 809 785 789 753 859 705
788 782 786 827 765 807 777 855 723 788 782 786 827 765 807 777 855 723 788 782 786 827 765 807 777 855 723 788 782 786 827 765 807 777 855 723 788 782 786 827
741 879 741 756 849 715 801 844 784 741 879 741 756 849 715 801 844 784 741 879 741 756 849 715 801 844 784 741 879 741 756 849 715 801 844 784 741 879 741 756
779 740 808 781 781 750 855 688 793 779 740 808 781 781 750 855 688 793 779 740 808 781 781 750 855 688 793 779 740 808 781 781 750 855 688 793 779 740 808 781
830 739 883 853 782 767 904 750 827 830 739 883 853 782 767 904 750 827 830 739 883 853 782 767 904 750 827 830 739 883 853 782 767 904 750 827 830 739 883 853
751 797 791 833 736 886 692 783 841 751 797 791 833 736 886 692 783 841 751 797 791 833 736 886 692 783 841 751 797 791 833 736 886 692 783 841 751 797 791 833
838 809 768 943 728 831 842 774 892 838 809 768 943 728 831 842 774 892 838 809 768 943 728 831 842 774 892 838 809 768 943 728 831 842 774 892 838 809 768 943
796 766 917 717 841 855 665 949 784 796 766 917 717 841 855 665 949 784 796 766 917 717 841 855 665 949 784 796 766 917 717 841 855 665 949 784 796 766 917 717
841 838 635 964 720 749 874 785 749 841 838 635 964 720 749 874 785 749 841 838 635 964 720 749 874 785 749 841 838 635 964 720 749 874 785 749 841 838 635 964
789 753 859 705 780 788 752 809 785 789 753 859 705 780 788 752 809 785 789 753 859 705 780 788 752 809 785 789 753 859 705 780 788 752 809 785 789 753 859 705
788 782 786 827 765 807 777 855 723 788 782 786 827 765 807 777 855 723 788 782 786 827 765 807 777 855 723 788 782 786 827 765 807 777 855 723 788 782 786 827
824 806 714 899 705 819 789 867 687 824 806 714 899 705 819 789 867 687 824 806 714 899 705 819 789 867 687 824 806 714 899 705 819 789 867 687 824 806 714 899
779 740 808 781 781 750 855 688 793 779 740 808 781 781 750 855 688 793 779 740 808 781 781 750 855 688 793 779 740 808 781 781 750 855 688 793 779 740 808 781
830 739 883 853 782 767 904 750 827 830 739 883 853 782 767 904 750 827 830 739 883 853 782 767 904 750 827 830 739 883 853 782 767 904 750 827 830 739 883 853
751 797 791 833 736 886 692 783 841 751 797 791 833 736 886 692 783 841 751 797 791 833 736 886 692 783 841 751 797 791 833 736 886 692 783 841 751 797 791 833
838 809 768 943 728 831 842 774 892 838 809 768 943 728 831 842 774 892 838 809 768 943 728 831 842 774 892 838 809 768 943 728 831 842 774 892 838 809 768 943
796 766 917 717 841 855 665 949 784 796 766 917 717 841 855 665 949 784 796 766 917 717 841 855 665 949 784 796 766 917 717 841 855 665 949 784 796 766 917 717
841 838 635 964 720 749 874 785 749 841 838 635 964 720 749 874 785 749 841 838 635 964 720 749 874 785 749 841 838 635 964 720 749 874 785 749 841 838 635 964
789 753 859 705 780 788 752 809 785 789 753 859 705 780 788 752 809 785 789 753 859 705 780 788 752 809 785 789 753 859 705 780 788 752 809 785 789 753 859 705
788 782 786 827 765 807 777 855 723 788 782 786 827 765 807 777 855 723 788 782 786 827 765 807 777 855 723 788 782 786 827 765 807 777 855 723 788 782 786 827
741 879 741 756 849 715 801 844 784 741 879 741 756 849 715 801 844 784 741 879 741 756 849 715 801 844 784 741 879 741 756 849 715 801 844 784 741 879 741 756
779 740 808 781 781 750 855 688 793 779 740 808 781 781 750 855 688 793 779 740 808 781 781 750 855 688 793 779 740 808 781 781 750 855 688 793 779 740 808 781
830 739 883 853 782 767 904 750 827 830 739 883 853 782 767 904 750 827 830 739 883 853 782 767 904 750 827 830 739 883 853 782 767 904 750 827 830 739 883 853
751 797 791 833 736 886 692 783 841 751 797 791 833 736 886 692 783 841 751 797 791 833 736 886 692 783 841 751 797 791 833 736 886 692 783 841 751 797 791 833
838 809 768 943 728 831 842 774 892 838 809 768 943 728 831 842 774 892 838 809 768 943 728 831 842 774 892 838 809 768 943 728 831 842 774 892 838 809 768 943
796 766 917 717 841 855 665 949 784 796 766 917 717 841 855 665 949 784 796 766 917 717 841 855 665 949 784 796 766 917 717 841 855 665 949 784 796 766 917 717

# Computation time: 296.573 ms
# Number of threads: 6
42 40
738 765 839 782 764 804 828 697 893 738 765 839 782 764 804 828 697 893 738 765 839 782 764 804 828 697 893 738 765 839 782 764 804 828 697 893 738 765 839 782
812 779 775 748 832 723 777 790 739 812 779 775 748 832 723 777 790 739 812 779 775 748 832 723 777 790 739 812 779 775 748 832 723 777 790 739 812 779 775 748
830 739 883 853 782 767 904 750 827 830 739 883 853 782 767 904 750 827 830 739 883 853 782 767 904 750 827 830 739 883 853 782 767 904 750 827 830 739 883 853
751 797 791 833 736 886 692 783 841 751 797 791 833 736 886 692 783 841 751 797 791 833 736 886 692 783 841 751 797 791 833 736 886 692 783 841 751 797 791 833
788 782 786 827 765 807 777 855 723 788 782 786 827 765 807 777 855 723 788 782 786 827 765 807 777 855 723 788 782 786 827 765 807 777 855 723 788 782 786 827
838 809 768 943 728 831 842 774 892 838 809 768 943 728 831 842 774 892 838 809 768 943 728 831 842 774 892 838 809 768 943 728 831 842 774 892 838 809 768 943
796 766 917 717 841 855 665 949 784 796 766 917 717 841 855 665 949 784 796 766 917 717 841 855 665 949 784 796 766 917 717 841 855 665 949 784 796 766 917 717
841 838 635 964 720 749 874 785 749 841 838 635 964 720 749 874 785 749 841 838 635 964 720 749 874 785 749 841 838 635 964 720 749 874 785 749 841 838 635 964
789 753 859 705 780 788 752 809 785 789 753 859 705 780 788 752 809 785 789 753 859 705 780 788 752 809 785 789 753 859 705 780 788 752 809 785 789 753 859 705
779 740 808 781 781 750 855 688 793 779 740 808 781 781 750 855 688 793 779 740 808 781 781 750 855 688 793 779 740 808 781 781 750 855 688 793 779 740 808 781
824 806 714 899 705 819 789 867 687 824 806 714 899 705 819 789 867 687 824 806 714 899 705 819 789 867 687 824 806 714 899 705 819 789 867 687 824 806 714 899
751 797 791 833 736 886 692 783 841 751 797 791 833 736 886 692 783 841 751 797 791 833 736 886 692 783 841 751 797 791 833 736 886 692 783 841 751 797 791 833
830 739 883 853 782 767 904 750 827 830 739 883 853 782 767 904 750 827 830 739 883 853 782 767 904 750 827 830 739 883 853 782 767 904 750 827 830 739 883 853
838 809 768 943 728 831 842 774 892 838 809 768 943 728 831 842 774 892 838 809 768 943 728 831 842 774 892 838 809 768 943 728 831 842 774 892 838 809 768 943
796 766 917 717 841 855 665 949 784 796 766 917 717 841 855 665 949 784 796 766 917 717 841 855 665 949 784 796 766 917 717 841 855 665 949 784 796 766 917 717
841 838 635 964 720 749 874 785 749 841 838 635 964 720 749 874 785 749 841 838 635 964 720 749 874 785 749 841 838 635 964 720 749 874 785 749 841 838 635 964
789 753 859 705 780 788 752 809 785 789 753 859 705 780 788 752 809 785 789 753 859 705 780 788 752 809 785 789 753 859 705 780 788 752 809 785 789 753 859 705
788 782 786 827 765 807 777 855 723 788 782 786 827 765 807 777 855 723 788 782 786 827 765 807 777 855 723 788 782 786 827 765 807 777 855 723 788 782 786 827
741 879 741 756 849 715 801 844 784 741 879 741 756 849 715 801 844 784 741 879 741 756 849 715 801 844 784 741 879 741 756 849 715 801 844 784 741 879 741 756
779 740 808 781 781 750 855 688 793 779 740 808 781 781 750 855 688 793 779 740 808 781 781 750 855 688 793 779 740 808 781 781 750 855 688 793 779 740 808 781
830 739 883 853 782 767 904 750 827 830 739 883 853 782 767 904 750 827 830 739 883 853 782 767 904 750 827 830 739 883 853 782 767 904 750 827 830 739 883 853
751 797 791 833 736 886 692 783 841 751 797 791 833 736 886 692 783 841 751 797 791 833 736 886 692 783 841 751 797 791 833 736 886 692 783 841 751 797 791 833
838 809 768 943 728 831 842 774 892 838 809 768 943 728 831 842 774 892 838 809 768 943 728 831 842 774 892 838 809 768 943 728 831 842 774 892 838 809 768 943
796 766 917 717 841 855 665 949 784 796 766 917 717 841 855 665 949 784 796 766 917 717 841 855 665 949 784 796 766 917 717 841 855 665 949 784 796 766 917 717
841 838 635 964 720 749 874 785 749 841 838 635 964 720 749 874 785 749 841 838 635 964 720 749 874 785 749 841 838 635 964 720 749 874 785 749 841 838 635 964
789 753 859 705 780 788 752 809 785 789 753 859 705 780 788 752 809 785 789 753 859 705 780 788 752 809 785 789 753 859 705 780 788 752 809 785 789 753 859 705
788 782 786 827 765 807 777 855 723 788 782 786 827 765 807 777 855 723 788 782 786 827 765 807 777 855 723 788 782 786 827 765 807 777 855 723 788 782 786 827
824 806 714 899 705 819 789 867 687 824 806 714 899 705 819 789 867 687 824 806 714 899 705 819 789 867 687 824 806 714 899 705 819 789 867 687 824 806 714 899
779 740 808 781 781 750 855 688 793 779 740 808 781 781 750 855 688 793 779 740 808 781 781 750 855 688 793 779 740 808 781 781 750 855 688 793 779 740 808 781
830 739 883 853 782 767 904 750 827 830 739 883 853 782 767 904 750 827 830 739 883 853 782 767 904 750 827 830 739 883 853 782 767 904 750 827 830 739 883 853
751 797 791 833 736 886 692 783 841 751 797 791 833 736 886 692 783 841 751 797 791 833 736 886 692 783 841 751 797 791 833 736 886 692 783 841 751 797 791 833
838 809 768 943 728 831 842 774 892 838 809 768 943 728 831 842 774 892 838 809 768 943 728 831 842 774 892 838 809 768 943 728 831 842 774 892 838 809 768 943
796 766 917 717 841 855 665 949 784 796 766 917 717 841 855 665 949 784 796 766 917 717 841 855 665 949 784 796 766 917 717 841 855 665 949 784 796 766 917 717
841 838 635 964 720 749 874 785 749 841 838 635 964 720 749 874 785 749 841 838 635 964 720 749 874 785 749 841 838 635 964 720 749 874 785 749 841 838 635 964
789 753 859 705 780 788 752 809 785 789 753 859 705 780 788 752 809 785 789 753 859 705 780 788 752 809 785 789 753 859 705 780 788 752 809 785 789 753 859 705
788 782 786 827 765 807 777 855 723 788 782 786 827 765 807 777 855 723 788 782 786 827 765 807 777 855 723 788 782 786 827 765 807 777 855 723 788 782 786 827
741 879 741 756 849 715 801 844 784 741 879 741 756 849 715 801 844 784 741 879 741 756 849 715 801 844 784 741 879 741 756 849 715 801 844 784 741 879 741 756
779 740 808 781 781 750 855 688 793 779 740 808 781 781 750 855 688 793 779 740 808 781 781 750 855 688 793 779 740 808 781 781 750 855 688 793 779 740 808 781
830 739 883 853 782 767 904 750 827 830 739 883 853 782 767 904 750 827 830 739 883 853 782 767 904 750 827 830 739 883 853 782 767 904 750 827 830 739 883 853
751 797 791 833 736 886 692 783 841 751 797 791 833 736 886 692 783 841 751 797 791 833 736 886 692 783 841 751 797 791 833 736 886 692 783 841 751 797 791 833
838 809 768 943 728 831 842 774 892 838 809 768 943 728 831 842 774 892 838 809 768 943 728 831 842 774 892 838 809 768 943 728 831 842 774 892 838 809 768 943
796 766 917 717 841 855 665 949 784 796 766 917 717 841 855 665 949 784 796 766 917 717 841 855 665 949 784 796 766 917 717 841 855 665 949 784 796 766 917 717

# Computation time: 296.231 ms
# Number of threads: 6
42 40
738 765 839 782 764 804 828 697 893 738 765 839 782 764 804 828 697 893 738 765 839 782 764 804 828 697 893 738 765 839 782 764 804 828 697 893 738 765 839 782
812 779 775 748 832 723 777 790 739 812 779 775 748 832 723 777 790 739 812 779 775 748 832 723 777 790 739 812 779 775 748 832 723 777 790 739 812 779 775 748
830 739 883 853 782 767 904 750 827 830 739 883 853 782 767 904 750 827 830 739 883 853 782 767 904 750 827 830 739 883 853 782 767 904 750 827 830 739 883 853
751 797 791 833 736 886 692 783 841 751 797 791 833 736 886 692 783 841 751 797 791 833 736 886 692 783 841 751 797 791 833 736 886 692 783 841 751 797 791 833
788 782 786 827 765 807 777 855 723 788 782 786 827 765 807 777 855 723 788 782 786 827 765 807 777 855 723 788 782 786 827 765 807 777 855 723 788 782 786 827
838 809 768 943 728 831 842 774 892 838 809 768 943 728 831 842 774 892 838 809 768 943 728 831 842 774 892 838 809 768 943 728 831 842 774 892 838 809 768 943
796 766 917 717 841 855 665 949 784 796 766 917 717 841 855 665 949 784 796 766 917 717 841 855 665 949 784 796 766 917 717 841 855 665 949 784 796 766 917 717
841 838 635 964 720 749 874 785 749 841 838 635 964 720 749 874 785 749 841 838 635 964 720 749 874 785 749 841 838 635 964 720 749 874 785 749 841 838 635 964
789 753 859 705 780 788 752 809 785 789 753 859 705 780 788 752 809 785 789 753 859 705 780 788 752 809 785 789 753 859 705 780 788 752 809 785 789 753 859 705
779 740 808 781 781 750 855 688 793 779 740 808 781 781 750 855 688 793 779 740 808 781 781 750 855 688 793 779 740 808 781 781 750 855 688 793 779 740 808 781
824 806 714 899 705 819 789 867 687 824 806 714 899 705 819 789 867 687 824 806 714 899 705 819 789 867 687 824 806 714 899 705 819 789 867 687 824 806 714 899
751 797 791 833 736 886 692 783 841 751 797 791 833 736 886 692 783 841 751 797 791 833 736 886 692 783 841 751 797 791 833 736 886 692 783 841 751 797 791 833
830 739 883 853 782 767 904 750 827 830 739 883 853 782 767 904 750 827 830 739 883 853 782 767 904 750 827 830 739 883 853 782 767 904 750 827 830 739 883 853
838 809 768 943 728 831 842 774 892 838 809 768 943 728 831 842 774 892 838 809 768 943 728 831 842 774 892 838 809 768 943 728 831 842 774 892 838 809 768 943
796 766 917 717 841 855 665 949 784 796 766 917 717 841 855 665 949 784 796 766 917 717 841 855 665 949 784 796 766 917 717 841 855 665 949 784 796 766 917 717
841 838 635 964 720 749 874 785 749 841 838 635 964 720 749 874 785 749 841 838 635 964 720 749 874 785 749 841 838 635 964 720 749 874 785 749 841 838 635 964
789 753 859 705 780 788 752 809 785 789 753 859 705 780 788 752 809 785 789 753 859 705 780 788 752 809 785 789 753 859 705 780 788 752 809 785 789 753 859 705
788 782 786 827 765 807 777 855 723 788 782 786 827 765 807 777 855 723 788 782 786 827 765 807 777 855 723 788 782 786 827 765 807 777 855 723 788 782 786 827
741 879 741 756 849 715 801 844 784 741 879 741 756 849 715 801 844 784 741 879 741 756 849 715 801 844 784 741 879 741 756 849 715 801 844 784 741 879 741 756
779 740 808 781 781 750 855 688 793 779 740 808 781 781 750 855 688 793 779 740 808 781 781 750 855 688 793 779 740 808 781 781 750 855 688 793 779 740 808 781
830 739 883 853 782 767 904 750 827 830 739 883 853 782 767 904 750 827 830 739 883 853 782 767 904 750 827 830 739 883 853 782 767 904 750 827 830 739 883 853
751 797 791 833 736 886 692 783 841 751 797 791 833 736 886 692 783 841 751 797 791 833 736 886 692 783 841 751 797 791 833 736 886 692 783 841 751 797 791 833
838 809 768 943 728 831 842 774 892 838 809 768 943 728 831 842 774 892 838 809 768 943 728 831 842 774 892 838 809 768 943 728 831 842 774 892 838 809 768 943
796 766 917 717 841 855 665 949 784 796 766 917 717 841 855 665 949 784 796 766 917 717 841 855 665 949 784 796 766 917 717 841 855 665 949 784 796 766 917 717
841 838 635 964 720 749 874 785 749 841 838 635 964 720 749 874 785 749 841 838 635 964 720 749 874 785 749 841 838 635 964 720 749 874 785 749 841 838 635 964
789 753 859 705 780 788 752 809 785 789 753 859 705 780 788 752 809 785 789 753 859 705 780 788 752 809 785 789 753 859 705 780 788 752 809 785 789 753 859 705
788 782 786 827 765 807 777 855 723 788 782 786 827 765 807 777 855 723 788 782 786 827 765 807 777 855 723 788 782 786 827 765 807 777 855 723 788 782 786 827
824 806 714 899 705 819 789 867 687 824 806 714 899 705 819 789 867 687 824 806 714 899 705 819 789 867 687 824 806 714 899 705 819 789 867 687 824 806 714 899
779 740 808 781 781 750 855 688 793 779 740 808 781 781 750 855 688 793 779 740 808 781 781 750 855 688 793 779 740 808 781 781 750 855 688 793 779 740 808 781
830 739 883 853 782 767 904 750 827 830 739 883 853 782 767 904 750 827 830 739 883 853 782 767 904 750 827 830 739 883 853 782 767 904 750 827 830 739 883 853
751 797 791 833 736 886 692 783 841 751 797 791 833 736 886 692 783 841 751 797 791 833 736 886 692 783 841 751 797 791 833 736 886 692 783 841 751 797 791 833
838 809 768 943 728 831 842 774 892 838 809 768 943 728 831 842 774 892 838 809 768 943 728 831 842 774 892 838 809 768 943 728 831 842 774 892 838 809 768 943
796 766 917 717 841 855 665 949 784 796 766 917 717 841 855 665 949 784 796 766 917 717 841 855 665 949 784 796 766 917 717 841 855 665 949 784 796 766 917 717
841 838 635 964 720 749 874 785 749 841 838 635 964 720 749 874 785 749 841 838 635 964 720 749 874 785 749 841 838 635 964 720 749 874 785 749 841 838 635 964
789 753 859 705 780 788 752 809 785 789 753 859 705 780 788 752 809 785 789 753 859 705 780 788 752 809 785 789 753 859 705 780 788 752 809 785 789 753 859 705
788 782 786 827 765 807 777 855 723 788 782 786 827 765 807 777 855 723 788 782 786 827 765 807 777 855 723 788 782 786 827 765 807 777 855 723 788 782 786 827
741 879 741 756 849 715 801 844 784 741 879 741 756 849 715 801 844 784 741 879 741 756 849 715 801 844 784 741 879 741 756 849 715 801 844 784 741 879 741 756
779 740 808 781 781 750 855 688 793 779 740 808 781 781 750 855 688 793 779 740 808 781 781 750 855 688 793 779 740 808 781 781 750 855 688 793 779 740 808 781
830 739 883 853 782 767 904 750 827 830 739 883 853 782 767 904 750 827 830 739 883 853 782 767 904 750 827 830 739 883 853 782 767 904 750 827 830 739 883 853
751 797 791 833 736 886 692 783 841 751 797 791 833 736 886 692 783 841 751 797 791 833 736 886 692 783 841 751 797 791 833 736 886 692 783 841 751 797 791 833
838 809 768 943 728 831 842 774 892 838 809 768 943 728 831 842 774 892 838 809 768 943 728 831 842 774 892 838 809 768 943 728 831 842 774 892 838 809 768 943
796 766 917 717 841 855 665 949 784 796 766 917 717 841 855 665 949 784 796 766 917 717 841 855 665 949 784 796 766 917 717 841 855 665 949 784 796 766 917 717

# Computation time: 295.918 ms
# Number of threads: 6
42 40
738 765 839 782 764 804 828 697 893 738 765 839 782 764 804 828 697 893 738 765 839 782 764 804 828 697 893 738 765 839 782 764 804 828 697 893 738 765 839 782
812 779 775 748 832 723 777 790 739 812 779 775 748 832 723 777 790 739 812 779 775 748 832 723 777 790 739 812 779 775 748 832 723 777 790 739 812 779 775 748
830 739 883 853 782 767 904 750 827 830 739 883 853 782 767 904 750 827 830 739 883 853 782 767 904 750 827 830 739 883 853 782 767 904 750 827 830 739 883 853
751 797 791 833 736 886 692 783 841 751 797 791 833 736 886 692 783 841 751 797 791 833 736 886 692 783 841 751 797 791 833 736 886 692 783 841 751 797 791 833
788 782 786 827 765 807 777 855 723 788 782 786 827 765 807 777 855 723 788 782 786 827 765 807 777 855 723 788 782 786 827 765 807 777 855 723 788 782 786 827
838 809 768 943 728 831 842 774 892 838 809 768 943 728 831 842 774 892 838 809 768 943 728 831 842 774 892 838 809 768 943 728 831 842 774 892 838 809 768 943
796 766 917 717 841 855 665 949 784 796 766 917 717 841 855 665 949 784 796 766 917 717 841 855 665 949 784 796 766 917 717 841 855 665 949 784 796 766 917 717
841 838 635 964 720 749 874 785 749 841 838 635 964 720 749 874 785 749 841 838 635 964 720 749 874 785 749 841 838 635 964 720 749 874 785 749 841 838 635 964
789 753 859 705 780 788 752 809 785 789 753 859 705 780 788 752 809 785 789 753 859 705 780 788 752 809 785 789 753 859 705 780 788 752 809 785 789 753 859 705
779 740 808 781 781 750 855 688 793 779 740 808 781 781 750 855 688 793 779 740 808 781 781 750 855 688 793 779 740 808 781 781 750 855 688 793 779 740 808 781
824 806 714 899 705 819 789 867 687 824 806 714 899 705 819 789 867 687 824 806 714 899 705 819 789 867 687 824 806 714 899 705 819 789 867 687 824 806 714 899
751 797 791 833 736 886 692 783 841 751 797 791 833 736 886 692 783 841 751 797 791 833 736 886 692 783 841 751 797 791 833 736 886 692 783 841 751 797 791 833
830 739 883 853 782 767 904 750 827 830 739 883 853 782 767 904 750 827 830 739 883 853 782 767 904 750 827 830 739 883 853 782 767 904 750 827 830 739 883 853
838 809 768 943 728 831 842 774 892 838 809 768 943 728 831 842 774 892 838 809 768 943 728 831 842 774 892 838 809 768 943 728 831 842 774 892 838 809 768 943
796 766 917 717 841 855 665 949 784 796 766 917 717 841 855 665 949 784 796 766 917 717 841 855 665 949 784 796 766 917 717 841 855 665 949 784 796 766 917 717
841 838 635 964 720 749 874 785 749 841 838 635 964 720 749 874 785 749 841 838 635 964 720 749 874 785 749 841 838 635 964 720 749 874 785 749 841 838 635 964
789 753 859 705 780 788 752 809 785 789 753 859 705 780 788 752 809 785 789 753 859 705 780 788 752 809 785 789 753 859 705 780 788 752 809 785 789 753 859 705
788 782 786 827 765 807 777 855 723 788 782 786 827 765 807 777 855 723 788 782 786 827 765 807 777 855 723 788 782 786 827 765 807 777 855 723 788 782 786 827
741 879 741 756 849 715 801 844 784 741 879 741 756 849 715 801 844 784 741 879 741 756 849 715 801 844 784 741 879 741 756 849 715 801 844 784 741 879 741 756
779 740 808 781 781 750 855 688 793 779 740 808 781 781 750 855 688 793 779 740 808 781 781 750 855 688 793 779 740 808 781 781 750 855 688 793 779 740 808 781
830 739 883 853 782 767 904 750 827 830 739 883 853 782 767 904 750 827 830 739 883 853 782 767 904 750 827 830 739 883 853 782 767 904 750 827 830 739 883 853
751 797 791 833 736 886 692 783 841 751 797 791 833 736 886 692 783 841 751 797 791 833 736 886 692 783 841 751 797 791 833 736 886 692 783 841 751 797 791 833
838 809 768 943 728 831 842 774 892 838 809 768 943 728 831 842 774 892 838 809 768 943 728 831 842 774 892 838 809 768 943 728 831 842 774 892 838 809 768 943
796 766 917 717 841 855 665 949 784 796 766 917 717 841 855 665 949 784 796 766 917 717 841 855 665 949 784 796 766 917 717 841 855 665 949 784 796 766 917 717
841 838 635 964 720 749 874 785 749 841 838 635 964 720 749 874 785 749 841 838 635 964 720 749 874 785 749 841 838 635 964 720 749 874 785 749 841 838 635 964
789 753 859 705 780 788 752 809 785 789 753 859 705 780 788 752 809 785 789 753 859 705 780 788 752 809 785 789 753 859 705 780 788 752 809 785 789 753 859 705
788 782 786 827 765 807 777 855 723 788 782 786 827 765 807 777 855 723 788 782 786 827 765 807 777 855 723 788 782 786 827 765 807 777 855 723 788 782 786 827
824 806 714 899 705 819 789 867 687 824 806 714 899 705 819 789 867 687 824 806 714 899 705 819 789 867 687 824 806 714 899 705 819 789 867 687 824 806 714 899
779 740 808 781 781 750 855 688 793 779 740 808 781 781 750 855 688 793 779 740 808 781 781 750 855 688 793 779 740 808 781 781 750 855 688 793 779 740 808 781
830 739 883 853 782 767 904 750 827 830 739 883 853 782 767 904 750 827 830 739 883 853 782 767 904 750 827 830 739 883 853 782 767 904 750 827 830 739 883 853
751 797 791 833 736 886 692 783 841 751 797 791 833 736 886 692 783 841 751 797 791 833 736 886 692 783 841 751 797 791 833 736 886 692 783 841 751 797 791 833
838 809 768 943 728 831 842 774 892 838 809 768 943 728 831 842 774 892 838 809 768 943 728 831 842 774 892 838 809 768 943 728 831 842 774 892 838 809 768 943
796 766 917 717 841 855 665 949 784 796 766 917 717 841 855 665 949 784 796 766 917 717 841 855 665 949 784 796 766 917 717 841 855 665 949 784 796 766 917 717
841 838 635 964 720 749 874 785 749 841 838 635 964 720 749 874 785 749 841 838 635 964 720 749 874 785 749 841 838 635 964 720 749 874 785 749 841 838 635 964
789 753 859 705 780 788 752 809 785 789 753 859 705 780 788 752 809 785 789 753 859 705 780 788 752 809 785 789 753 859 705 780 788 752 809 785 789 753 859 705
788 782 786 827 765 807 777 855 723 788 782 786 827 765 807 777 855 723 788 782 786 827 765 807 777 855 723 788 782 786 827 765 807 777 855 723 788 782 786 827
741 879 741 756 849 715 801 844 784 741 879 741 756 849 715 801 844 784 741 879 741 756 849 715 801 844 784 741 879 741 756 849 715 801 844 784 741 879 741 756
779 740 808 781 781 750 855 688 793 779 740 808 781 781 750 855 688 793 779 740 808 781 781 750 855 688 793 779 740 808 781 781 750 855 688 793 779 740 808 781
830 739 883 853 782 767 904 750 827 830 739 883 853 782 767 904 750 827 830 739 883 853 782 767 904 750 827 830 739 883 853 782 767 904 750 827 830 739 883 853
751 797 791 833 736 886 692 783 841 751 797 791 833 736 886 692 783 841 751 797 791 833 736 886 692 783 841 751 797 791 833 736 886 692 783 841 751 797 791 833
838 809 768 943 728 831 842 774 892 838 809 768 943 728 831 842 774 892 838 809 768 943 728 831 842 774 892 838 809 768 943 728 831 842 774 892 838 809 768 943
796 766 917 717 841 855 665 949 784 796 766 917 717 841 855 665 949 784 796 766 917 717 841 855 665 949 784 796 766 917 717 841 855 665 949 784 796 766 917 717

